<?xml version="1.0" encoding="UTF-8"?>
<!-- Generated by org.testng.reporters.JUnitXMLReporter -->
<testsuite hostname="BDC4A-L-5465CDZ" ignored="2" name="Test" tests="1" failures="0" timestamp="25 Nov 2017 08:08:03 GMT" time="23.83" errors="0">
  <testcase name="launchChrome" time="23.766" classname="com.tests.NewTest2"/>
  <testcase name="launchFirefox" time="0.0" classname="com.tests.NewTest2">
    <ignored/>
  </testcase> <!-- launchFirefox -->
  <testcase name="launchIE" time="0.0" classname="com.tests.NewTest2">
    <ignored/>
  </testcase> <!-- launchIE -->
</testsuite> <!-- Test -->
