-------------------------------------------------------------------------------
Test set: TestSuite
-------------------------------------------------------------------------------
Tests run: 1, Failures: 1, Errors: 0, Skipped: 0, Time elapsed: 60.385 s <<< FAILURE! - in TestSuite
launchChrome(com.tests.NewTest2)  Time elapsed: 59.144 s  <<< FAILURE!
java.lang.AssertionError: expected [Find a Flight: Mercury Tours:] but found [Sign-on: Mercury Tours]
	at com.tests.NewTest2.launchChrome(NewTest2.java:28)

